{"C:\\Users\\ARAGANA\\Desktop\\ROMA\\SARA-frontend\\src\\pages\\login-register\\Login.jsx": {"path":"C:\\Users\\ARAGANA\\Desktop\\ROMA\\SARA-frontend\\src\\pages\\login-register\\Login.jsx","statementMap":{"0":{"start":{"line":7,"column":14},"end":{"line":179,"column":1}},"1":{"start":{"line":8,"column":26},"end":{"line":8,"column":52}},"2":{"start":{"line":9,"column":34},"end":{"line":9,"column":46}},"3":{"start":{"line":10,"column":34},"end":{"line":10,"column":46}},"4":{"start":{"line":11,"column":28},"end":{"line":11,"column":40}},"5":{"start":{"line":12,"column":19},"end":{"line":12,"column":32}},"6":{"start":{"line":15,"column":23},"end":{"line":74,"column":3}},"7":{"start":{"line":16,"column":4},"end":{"line":16,"column":23}},"8":{"start":{"line":17,"column":4},"end":{"line":20,"column":5}},"9":{"start":{"line":18,"column":6},"end":{"line":18,"column":52}},"10":{"start":{"line":19,"column":6},"end":{"line":19,"column":13}},"11":{"start":{"line":21,"column":4},"end":{"line":72,"column":5}},"12":{"start":{"line":22,"column":6},"end":{"line":22,"column":28}},"13":{"start":{"line":23,"column":29},"end":{"line":31,"column":7}},"14":{"start":{"line":33,"column":23},"end":{"line":36,"column":7}},"15":{"start":{"line":37,"column":6},"end":{"line":39,"column":7}},"16":{"start":{"line":38,"column":8},"end":{"line":38,"column":49}},"17":{"start":{"line":40,"column":19},"end":{"line":40,"column":40}},"18":{"start":{"line":42,"column":20},"end":{"line":42,"column":31}},"19":{"start":{"line":43,"column":22},"end":{"line":43,"column":39}},"20":{"start":{"line":45,"column":23},"end":{"line":54,"column":7}},"21":{"start":{"line":57,"column":6},"end":{"line":66,"column":7}},"22":{"start":{"line":59,"column":10},"end":{"line":59,"column":60}},"23":{"start":{"line":60,"column":10},"end":{"line":60,"column":16}},"24":{"start":{"line":62,"column":10},"end":{"line":62,"column":53}},"25":{"start":{"line":63,"column":10},"end":{"line":63,"column":16}},"26":{"start":{"line":65,"column":10},"end":{"line":65,"column":16}},"27":{"start":{"line":70,"column":6},"end":{"line":70,"column":25}},"28":{"start":{"line":71,"column":6},"end":{"line":71,"column":57}},"29":{"start":{"line":73,"column":4},"end":{"line":73,"column":23}},"30":{"start":{"line":76,"column":2},"end":{"line":178,"column":4}},"31":{"start":{"line":138,"column":37},"end":{"line":138,"column":64}},"32":{"start":{"line":149,"column":37},"end":{"line":149,"column":64}}},"fnMap":{"0":{"name":"(anonymous_0)","decl":{"start":{"line":7,"column":14},"end":{"line":7,"column":15}},"loc":{"start":{"line":7,"column":25},"end":{"line":179,"column":1}},"line":7},"1":{"name":"(anonymous_1)","decl":{"start":{"line":15,"column":23},"end":{"line":15,"column":24}},"loc":{"start":{"line":15,"column":36},"end":{"line":74,"column":3}},"line":15},"2":{"name":"(anonymous_2)","decl":{"start":{"line":138,"column":30},"end":{"line":138,"column":31}},"loc":{"start":{"line":138,"column":37},"end":{"line":138,"column":64}},"line":138},"3":{"name":"(anonymous_3)","decl":{"start":{"line":149,"column":30},"end":{"line":149,"column":31}},"loc":{"start":{"line":149,"column":37},"end":{"line":149,"column":64}},"line":149}},"branchMap":{"0":{"loc":{"start":{"line":17,"column":4},"end":{"line":20,"column":5}},"type":"if","locations":[{"start":{"line":17,"column":4},"end":{"line":20,"column":5}},{"start":{},"end":{}}],"line":17},"1":{"loc":{"start":{"line":17,"column":8},"end":{"line":17,"column":30}},"type":"binary-expr","locations":[{"start":{"line":17,"column":8},"end":{"line":17,"column":17}},{"start":{"line":17,"column":21},"end":{"line":17,"column":30}}],"line":17},"2":{"loc":{"start":{"line":37,"column":6},"end":{"line":39,"column":7}},"type":"if","locations":[{"start":{"line":37,"column":6},"end":{"line":39,"column":7}},{"start":{},"end":{}}],"line":37},"3":{"loc":{"start":{"line":57,"column":6},"end":{"line":66,"column":7}},"type":"switch","locations":[{"start":{"line":58,"column":8},"end":{"line":60,"column":16}},{"start":{"line":61,"column":8},"end":{"line":63,"column":16}},{"start":{"line":64,"column":8},"end":{"line":65,"column":16}}],"line":57}},"s":{"0":1,"1":8,"2":8,"3":8,"4":8,"5":8,"6":8,"7":2,"8":2,"9":0,"10":0,"11":2,"12":2,"13":2,"14":2,"15":0,"16":0,"17":0,"18":0,"19":0,"20":0,"21":0,"22":0,"23":0,"24":0,"25":0,"26":0,"27":0,"28":0,"29":0,"30":8,"31":2,"32":2},"f":{"0":8,"1":2,"2":2,"3":2},"b":{"0":[0,2],"1":[2,2],"2":[0,0],"3":[0,0,0]},"_coverageSchema":"1a1c01bbd47fc00a2c39e90264f33305004495a9","hash":"da3c411ee67c8ff7046d0ae9dc0a7ce433dd4891"}
,"C:\\Users\\ARAGANA\\Desktop\\ROMA\\SARA-frontend\\src\\test\\index1.js": {"path":"C:\\Users\\ARAGANA\\Desktop\\ROMA\\SARA-frontend\\src\\test\\index1.js","statementMap":{"0":{"start":{"line":2,"column":24},"end":{"line":2,"column":26}},"1":{"start":{"line":3,"column":22},"end":{"line":3,"column":24}},"2":{"start":{"line":4,"column":4},"end":{"line":8,"column":5}},"3":{"start":{"line":4,"column":17},"end":{"line":4,"column":18}},"4":{"start":{"line":5,"column":8},"end":{"line":5,"column":35}},"5":{"start":{"line":6,"column":8},"end":{"line":6,"column":43}},"6":{"start":{"line":7,"column":8},"end":{"line":7,"column":40}},"7":{"start":{"line":9,"column":4},"end":{"line":9,"column":23}},"8":{"start":{"line":12,"column":0},"end":{"line":14,"column":2}}},"fnMap":{"0":{"name":"getCourses","decl":{"start":{"line":1,"column":9},"end":{"line":1,"column":19}},"loc":{"start":{"line":1,"column":29},"end":{"line":10,"column":1}},"line":1}},"branchMap":{},"s":{"0":5,"1":5,"2":5,"3":5,"4":11,"5":11,"6":11,"7":5,"8":1},"f":{"0":5},"b":{},"_coverageSchema":"1a1c01bbd47fc00a2c39e90264f33305004495a9","hash":"e8fa03ba1e71ab6002a37c8d55a35d12cad1f875"}
}
