TN:
SF:src\pages\login-register\Login.jsx
FN:7,(anonymous_0)
FN:15,(anonymous_1)
FN:138,(anonymous_2)
FN:149,(anonymous_3)
FNF:4
FNH:4
FNDA:8,(anonymous_0)
FNDA:2,(anonymous_1)
FNDA:2,(anonymous_2)
FNDA:2,(anonymous_3)
DA:7,1
DA:8,8
DA:9,8
DA:10,8
DA:11,8
DA:12,8
DA:15,8
DA:16,2
DA:17,2
DA:18,0
DA:19,0
DA:21,2
DA:22,2
DA:23,2
DA:33,2
DA:37,0
DA:38,0
DA:40,0
DA:42,0
DA:43,0
DA:45,0
DA:57,0
DA:59,0
DA:60,0
DA:62,0
DA:63,0
DA:65,0
DA:70,0
DA:71,0
DA:73,0
DA:76,8
DA:138,2
DA:149,2
LF:33
LH:16
BRDA:17,0,0,0
BRDA:17,0,1,2
BRDA:17,1,0,2
BRDA:17,1,1,2
BRDA:37,2,0,0
BRDA:37,2,1,0
BRDA:57,3,0,0
BRDA:57,3,1,0
BRDA:57,3,2,0
BRF:9
BRH:3
end_of_record
TN:
SF:src\test\index1.js
FN:1,getCourses
FNF:1
FNH:1
FNDA:5,getCourses
DA:2,5
DA:3,5
DA:4,5
DA:5,11
DA:6,11
DA:7,11
DA:9,5
DA:12,1
LF:8
LH:8
BRF:0
BRH:0
end_of_record
